<?xml version="1.0" encoding="UTF-8" ?>
<testsuite tests="3" failures="0" name="mockito_test.EdzoiProfilTest" time="0.002" errors="0" skipped="0">
  <properties>
[...]
</properties>
  <testcase classname="mockito_test.EdzoiProfilTest" name="mockito_test.EdzoiProfilTest.test001_EdzoiProfil" time="0.002"/>
  <testcase classname="mockito_test.EdzoiProfilTest" name="mockito_test.EdzoiProfilTest.test003_EdzoiProfil" time="0"/>
  <testcase classname="mockito_test.EdzoiProfilTest" name="mockito_test.EdzoiProfilTest.test002_EdzoiProfil" time="0"/>
</testsuite>